<?xml version="1.0" encoding="UTF-8"?>
<testng-results skipped="0" failed="0" ignored="0" total="1" passed="1">
  <reporter-output>
  </reporter-output>
  <suite name="Default suite" duration-ms="23686" started-at="2019-10-23T19:03:22 IST" finished-at="2019-10-23T19:03:45 IST">
    <groups>
    </groups>
    <test name="Default test" duration-ms="23686" started-at="2019-10-23T19:03:22 IST" finished-at="2019-10-23T19:03:45 IST">
      <class name="com.training.sanity.tests.orderclear_UFM_009">
        <test-method status="PASS" signature="setUpBeforeClass()[pri:0, instance:com.training.sanity.tests.orderclear_UFM_009@6737fd8f]" name="setUpBeforeClass" is-config="true" duration-ms="15" started-at="2019-10-23T19:03:22 IST" finished-at="2019-10-23T19:03:22 IST">
          <reporter-output>
          </reporter-output>
        </test-method> <!-- setUpBeforeClass -->
        <test-method status="PASS" signature="setUp()[pri:0, instance:com.training.sanity.tests.orderclear_UFM_009@6737fd8f]" name="setUp" is-config="true" duration-ms="13534" started-at="2019-10-23T19:03:22 IST" finished-at="2019-10-23T19:03:35 IST">
          <reporter-output>
          </reporter-output>
        </test-method> <!-- setUp -->
        <test-method status="PASS" signature="f()[pri:0, instance:com.training.sanity.tests.orderclear_UFM_009@6737fd8f]" name="f" duration-ms="9287" started-at="2019-10-23T19:03:35 IST" finished-at="2019-10-23T19:03:45 IST">
          <reporter-output>
          </reporter-output>
        </test-method> <!-- f -->
        <test-method status="PASS" signature="afterMethod()[pri:0, instance:com.training.sanity.tests.orderclear_UFM_009@6737fd8f]" name="afterMethod" is-config="true" duration-ms="494" started-at="2019-10-23T19:03:45 IST" finished-at="2019-10-23T19:03:45 IST">
          <reporter-output>
          </reporter-output>
        </test-method> <!-- afterMethod -->
        <test-method status="PASS" signature="afterClass()[pri:0, instance:com.training.sanity.tests.orderclear_UFM_009@6737fd8f]" name="afterClass" is-config="true" duration-ms="295" started-at="2019-10-23T19:03:45 IST" finished-at="2019-10-23T19:03:45 IST">
          <reporter-output>
          </reporter-output>
        </test-method> <!-- afterClass -->
      </class> <!-- com.training.sanity.tests.orderclear_UFM_009 -->
    </test> <!-- Default test -->
  </suite> <!-- Default suite -->
</testng-results>
